<?xml version="1.0" encoding="UTF-8"?>
<!-- Generated by org.testng.reporters.JUnitReportReporter -->
<testsuite skipped="0" hostname="DESKTOP-NFATJD6" name="test.LoginPageTest" tests="2" failures="0" timestamp="03 Apr 2022 16:09:44 GMT" time="10.729" errors="0">
  <testcase name="loginTest" time="5.821" classname="test.LoginPageTest"/>
  <testcase name="pageTitleTest" time="4.908" classname="test.LoginPageTest"/>
</testsuite> <!-- test.LoginPageTest -->
